<?xml version="1.0" encoding="UTF-8"?>
<coverage generated="1678882325852" clover="3.2.0">
  <project timestamp="1678882325852" name="All files">
    <metrics statements="16" coveredstatements="16" conditionals="4" coveredconditionals="4" methods="2" coveredmethods="2" elements="22" coveredelements="22" complexity="0" loc="16" ncloc="16" packages="1" files="2" classes="2"/>
    <file name="Button.jsx" path="C:\Users\TAMRE\projects\react-projects\comp-lib\src\components\button\Button.jsx">
      <metrics statements="5" coveredstatements="5" conditionals="4" coveredconditionals="4" methods="1" coveredmethods="1"/>
      <line num="7" count="1" type="stmt"/>
      <line num="8" count="3" type="cond" truecount="2" falsecount="0"/>
      <line num="11" count="3" type="stmt"/>
      <line num="25" count="1" type="stmt"/>
      <line num="48" count="1" type="stmt"/>
    </file>
    <file name="Button.stories.jsx" path="C:\Users\TAMRE\projects\react-projects\comp-lib\src\components\button\Button.stories.jsx">
      <metrics statements="11" coveredstatements="11" conditionals="0" coveredconditionals="0" methods="1" coveredmethods="1"/>
      <line num="15" count="2" type="stmt"/>
      <line num="17" count="1" type="stmt"/>
      <line num="19" count="1" type="stmt"/>
      <line num="24" count="1" type="stmt"/>
      <line num="25" count="1" type="stmt"/>
      <line num="29" count="1" type="stmt"/>
      <line num="30" count="1" type="stmt"/>
      <line num="35" count="1" type="stmt"/>
      <line num="36" count="1" type="stmt"/>
      <line num="41" count="1" type="stmt"/>
      <line num="42" count="1" type="stmt"/>
    </file>
  </project>
</coverage>
