{"C:\\Users\\TAMRE\\projects\\react-projects\\comp-lib\\src\\components\\button\\Button.jsx": {"path":"C:\\Users\\TAMRE\\projects\\react-projects\\comp-lib\\src\\components\\button\\Button.jsx","statementMap":{"0":{"start":{"line":7,"column":22},"end":{"line":23,"column":1}},"1":{"start":{"line":8,"column":15},"end":{"line":10,"column":35}},"2":{"start":{"line":11,"column":2},"end":{"line":22,"column":4}},"3":{"start":{"line":25,"column":0},"end":{"line":46,"column":2}},"4":{"start":{"line":48,"column":0},"end":{"line":53,"column":2}}},"fnMap":{"0":{"name":"(anonymous_0)","decl":{"start":{"line":7,"column":22},"end":{"line":7,"column":23}},"loc":{"start":{"line":7,"column":79},"end":{"line":23,"column":1}},"line":7}},"branchMap":{"0":{"loc":{"start":{"line":8,"column":15},"end":{"line":10,"column":35}},"type":"cond-expr","locations":[{"start":{"line":9,"column":6},"end":{"line":9,"column":33}},{"start":{"line":10,"column":6},"end":{"line":10,"column":35}}],"line":8},"1":{"loc":{"start":{"line":17,"column":13},"end":{"line":17,"column":51}},"type":"binary-expr","locations":[{"start":{"line":17,"column":13},"end":{"line":17,"column":28}},{"start":{"line":17,"column":32},"end":{"line":17,"column":51}}],"line":17}},"s":{"0":1,"1":3,"2":3,"3":1,"4":1},"f":{"0":3},"b":{"0":[1,2],"1":[3,1]},"_coverageSchema":"1a1c01bbd47fc00a2c39e90264f33305004495a9","hash":"adff30d378342aabc9ef9c6820867f4b13357f5e"}
,"C:\\Users\\TAMRE\\projects\\react-projects\\comp-lib\\src\\components\\button\\Button.stories.jsx": {"path":"C:\\Users\\TAMRE\\projects\\react-projects\\comp-lib\\src\\components\\button\\Button.stories.jsx","statementMap":{"0":{"start":{"line":15,"column":17},"end":{"line":15,"column":47}},"1":{"start":{"line":15,"column":27},"end":{"line":15,"column":47}},"2":{"start":{"line":17,"column":23},"end":{"line":17,"column":40}},"3":{"start":{"line":19,"column":0},"end":{"line":22,"column":2}},"4":{"start":{"line":24,"column":25},"end":{"line":24,"column":42}},"5":{"start":{"line":25,"column":0},"end":{"line":27,"column":2}},"6":{"start":{"line":29,"column":21},"end":{"line":29,"column":38}},"7":{"start":{"line":30,"column":0},"end":{"line":33,"column":2}},"8":{"start":{"line":35,"column":21},"end":{"line":35,"column":38}},"9":{"start":{"line":36,"column":0},"end":{"line":39,"column":2}},"10":{"start":{"line":41,"column":19},"end":{"line":41,"column":36}},"11":{"start":{"line":42,"column":0},"end":{"line":45,"column":2}}},"fnMap":{"0":{"name":"(anonymous_0)","decl":{"start":{"line":15,"column":17},"end":{"line":15,"column":18}},"loc":{"start":{"line":15,"column":27},"end":{"line":15,"column":47}},"line":15}},"branchMap":{},"s":{"0":1,"1":2,"2":1,"3":1,"4":1,"5":1,"6":1,"7":1,"8":1,"9":1,"10":1,"11":1},"f":{"0":2},"b":{},"_coverageSchema":"1a1c01bbd47fc00a2c39e90264f33305004495a9","hash":"49293d4d1c83448995e5492507df00f68b337bcc"}
}
