{"C:\\Users\\TAMRE\\projects\\react-projects\\comp-lib\\src\\components\\Accordion\\accordion.jsx": {"path":"C:\\Users\\TAMRE\\projects\\react-projects\\comp-lib\\src\\components\\Accordion\\accordion.jsx","statementMap":{"0":{"start":{"line":6,"column":18},"end":{"line":15,"column":1}},"1":{"start":{"line":7,"column":2},"end":{"line":14,"column":4}},"2":{"start":{"line":11,"column":10},"end":{"line":11,"column":77}},"3":{"start":{"line":16,"column":0},"end":{"line":20,"column":2}},"4":{"start":{"line":22,"column":22},"end":{"line":49,"column":1}},"5":{"start":{"line":23,"column":32},"end":{"line":23,"column":47}},"6":{"start":{"line":24,"column":21},"end":{"line":24,"column":33}},"7":{"start":{"line":25,"column":2},"end":{"line":48,"column":4}},"8":{"start":{"line":30,"column":24},"end":{"line":30,"column":44}}},"fnMap":{"0":{"name":"(anonymous_0)","decl":{"start":{"line":6,"column":18},"end":{"line":6,"column":19}},"loc":{"start":{"line":6,"column":32},"end":{"line":15,"column":1}},"line":6},"1":{"name":"(anonymous_1)","decl":{"start":{"line":10,"column":17},"end":{"line":10,"column":18}},"loc":{"start":{"line":11,"column":10},"end":{"line":11,"column":77}},"line":11},"2":{"name":"(anonymous_2)","decl":{"start":{"line":22,"column":22},"end":{"line":22,"column":23}},"loc":{"start":{"line":22,"column":46},"end":{"line":49,"column":1}},"line":22},"3":{"name":"(anonymous_3)","decl":{"start":{"line":30,"column":17},"end":{"line":30,"column":18}},"loc":{"start":{"line":30,"column":24},"end":{"line":30,"column":44}},"line":30}},"branchMap":{"0":{"loc":{"start":{"line":9,"column":7},"end":{"line":12,"column":10}},"type":"binary-expr","locations":[{"start":{"line":9,"column":7},"end":{"line":9,"column":26}},{"start":{"line":10,"column":8},"end":{"line":12,"column":10}}],"line":9},"1":{"loc":{"start":{"line":34,"column":11},"end":{"line":34,"column":57}},"type":"cond-expr","locations":[{"start":{"line":34,"column":22},"end":{"line":34,"column":39}},{"start":{"line":34,"column":42},"end":{"line":34,"column":57}}],"line":34},"2":{"loc":{"start":{"line":42,"column":18},"end":{"line":42,"column":68}},"type":"cond-expr","locations":[{"start":{"line":42,"column":29},"end":{"line":42,"column":60}},{"start":{"line":42,"column":63},"end":{"line":42,"column":68}}],"line":42}},"s":{"0":1,"1":3,"2":6,"3":1,"4":1,"5":9,"6":9,"7":9,"8":3},"f":{"0":3,"1":6,"2":9,"3":3},"b":{"0":[3,3],"1":[2,7],"2":[2,7]},"_coverageSchema":"1a1c01bbd47fc00a2c39e90264f33305004495a9","hash":"a605e1bc15758ae45dba38b77ab7117a59f0cf7f"}
,"C:\\Users\\TAMRE\\projects\\react-projects\\comp-lib\\src\\components\\counter\\counter.jsx": {"path":"C:\\Users\\TAMRE\\projects\\react-projects\\comp-lib\\src\\components\\counter\\counter.jsx","statementMap":{"0":{"start":{"line":4,"column":16},"end":{"line":30,"column":1}},"1":{"start":{"line":5,"column":38},"end":{"line":5,"column":49}},"2":{"start":{"line":7,"column":24},"end":{"line":13,"column":3}},"3":{"start":{"line":8,"column":4},"end":{"line":11,"column":5}},"4":{"start":{"line":9,"column":6},"end":{"line":9,"column":36}},"5":{"start":{"line":10,"column":6},"end":{"line":10,"column":13}},"6":{"start":{"line":12,"column":4},"end":{"line":12,"column":34}},"7":{"start":{"line":15,"column":2},"end":{"line":29,"column":4}},"8":{"start":{"line":20,"column":23},"end":{"line":20,"column":43}},"9":{"start":{"line":25,"column":23},"end":{"line":25,"column":38}},"10":{"start":{"line":32,"column":0},"end":{"line":34,"column":2}}},"fnMap":{"0":{"name":"(anonymous_0)","decl":{"start":{"line":4,"column":16},"end":{"line":4,"column":17}},"loc":{"start":{"line":4,"column":31},"end":{"line":30,"column":1}},"line":4},"1":{"name":"(anonymous_1)","decl":{"start":{"line":7,"column":24},"end":{"line":7,"column":25}},"loc":{"start":{"line":7,"column":31},"end":{"line":13,"column":3}},"line":7},"2":{"name":"(anonymous_2)","decl":{"start":{"line":20,"column":17},"end":{"line":20,"column":18}},"loc":{"start":{"line":20,"column":23},"end":{"line":20,"column":43}},"line":20},"3":{"name":"(anonymous_3)","decl":{"start":{"line":25,"column":17},"end":{"line":25,"column":18}},"loc":{"start":{"line":25,"column":23},"end":{"line":25,"column":38}},"line":25}},"branchMap":{"0":{"loc":{"start":{"line":8,"column":4},"end":{"line":11,"column":5}},"type":"if","locations":[{"start":{"line":8,"column":4},"end":{"line":11,"column":5}},{"start":{},"end":{}}],"line":8}},"s":{"0":1,"1":6,"2":6,"3":2,"4":1,"5":1,"6":1,"7":6,"8":1,"9":1,"10":1},"f":{"0":6,"1":2,"2":1,"3":1},"b":{"0":[1,1]},"_coverageSchema":"1a1c01bbd47fc00a2c39e90264f33305004495a9","hash":"cfdc6ef70888eaf72ce468522aac484600a02eea"}
,"C:\\Users\\TAMRE\\projects\\react-projects\\comp-lib\\src\\components\\formInput\\formInput.jsx": {"path":"C:\\Users\\TAMRE\\projects\\react-projects\\comp-lib\\src\\components\\formInput\\formInput.jsx","statementMap":{"0":{"start":{"line":5,"column":18},"end":{"line":26,"column":1}},"1":{"start":{"line":6,"column":28},"end":{"line":6,"column":40}},"2":{"start":{"line":7,"column":25},"end":{"line":9,"column":3}},"3":{"start":{"line":8,"column":4},"end":{"line":8,"column":29}},"4":{"start":{"line":11,"column":2},"end":{"line":25,"column":4}},"5":{"start":{"line":28,"column":0},"end":{"line":36,"column":2}}},"fnMap":{"0":{"name":"(anonymous_0)","decl":{"start":{"line":5,"column":18},"end":{"line":5,"column":19}},"loc":{"start":{"line":5,"column":58},"end":{"line":26,"column":1}},"line":5},"1":{"name":"(anonymous_1)","decl":{"start":{"line":7,"column":25},"end":{"line":7,"column":26}},"loc":{"start":{"line":7,"column":32},"end":{"line":9,"column":3}},"line":7}},"branchMap":{},"s":{"0":1,"1":3,"2":3,"3":1,"4":3,"5":1},"f":{"0":3,"1":1},"b":{},"_coverageSchema":"1a1c01bbd47fc00a2c39e90264f33305004495a9","hash":"7e7dcaf2267ba84d60e5f55c6e158f0b0ca1ec2d"}
,"C:\\Users\\TAMRE\\projects\\react-projects\\comp-lib\\src\\components\\rating\\rating.jsx": {"path":"C:\\Users\\TAMRE\\projects\\react-projects\\comp-lib\\src\\components\\rating\\rating.jsx","statementMap":{"0":{"start":{"line":6,"column":13},"end":{"line":13,"column":1}},"1":{"start":{"line":6,"column":44},"end":{"line":6,"column":45}},"2":{"start":{"line":7,"column":2},"end":{"line":12,"column":4}},"3":{"start":{"line":15,"column":15},"end":{"line":21,"column":1}},"4":{"start":{"line":16,"column":34},"end":{"line":16,"column":46}},"5":{"start":{"line":18,"column":2},"end":{"line":20,"column":5}},"6":{"start":{"line":19,"column":4},"end":{"line":19,"column":80}},"7":{"start":{"line":19,"column":34},"end":{"line":19,"column":52}},"8":{"start":{"line":23,"column":0},"end":{"line":25,"column":2}}},"fnMap":{"0":{"name":"(anonymous_0)","decl":{"start":{"line":6,"column":13},"end":{"line":6,"column":14}},"loc":{"start":{"line":7,"column":2},"end":{"line":12,"column":4}},"line":7},"1":{"name":"(anonymous_1)","decl":{"start":{"line":6,"column":37},"end":{"line":6,"column":38}},"loc":{"start":{"line":6,"column":44},"end":{"line":6,"column":45}},"line":6},"2":{"name":"(anonymous_2)","decl":{"start":{"line":15,"column":15},"end":{"line":15,"column":16}},"loc":{"start":{"line":15,"column":35},"end":{"line":21,"column":1}},"line":15},"3":{"name":"(anonymous_3)","decl":{"start":{"line":18,"column":32},"end":{"line":18,"column":33}},"loc":{"start":{"line":19,"column":4},"end":{"line":19,"column":80}},"line":19},"4":{"name":"(anonymous_4)","decl":{"start":{"line":19,"column":28},"end":{"line":19,"column":29}},"loc":{"start":{"line":19,"column":34},"end":{"line":19,"column":52}},"line":19}},"branchMap":{"0":{"loc":{"start":{"line":6,"column":26},"end":{"line":6,"column":45}},"type":"default-arg","locations":[{"start":{"line":6,"column":37},"end":{"line":6,"column":45}}],"line":6},"1":{"loc":{"start":{"line":9,"column":11},"end":{"line":9,"column":43}},"type":"cond-expr","locations":[{"start":{"line":9,"column":22},"end":{"line":9,"column":31}},{"start":{"line":9,"column":34},"end":{"line":9,"column":43}}],"line":9},"2":{"loc":{"start":{"line":15,"column":18},"end":{"line":15,"column":28}},"type":"default-arg","locations":[{"start":{"line":15,"column":27},"end":{"line":15,"column":28}}],"line":15}},"s":{"0":1,"1":0,"2":18,"3":1,"4":4,"5":4,"6":18,"7":1,"8":1},"f":{"0":18,"1":0,"2":4,"3":18,"4":1},"b":{"0":[0],"1":[3,15],"2":[3]},"_coverageSchema":"1a1c01bbd47fc00a2c39e90264f33305004495a9","hash":"0e8655dca1dde66ba1c9400f6b6ec87ab4a2d536"}
}
