TN:
SF:src\components\Accordion\accordion.jsx
FN:6,(anonymous_0)
FN:10,(anonymous_1)
FN:22,(anonymous_2)
FN:30,(anonymous_3)
FNF:4
FNH:4
FNDA:3,(anonymous_0)
FNDA:6,(anonymous_1)
FNDA:9,(anonymous_2)
FNDA:3,(anonymous_3)
DA:6,1
DA:7,3
DA:11,6
DA:16,1
DA:22,1
DA:23,9
DA:24,9
DA:25,9
DA:30,3
LF:9
LH:9
BRDA:9,0,0,3
BRDA:9,0,1,3
BRDA:34,1,0,2
BRDA:34,1,1,7
BRDA:42,2,0,2
BRDA:42,2,1,7
BRF:6
BRH:6
end_of_record
TN:
SF:src\components\counter\counter.jsx
FN:4,(anonymous_0)
FN:7,(anonymous_1)
FN:20,(anonymous_2)
FN:25,(anonymous_3)
FNF:4
FNH:4
FNDA:6,(anonymous_0)
FNDA:2,(anonymous_1)
FNDA:1,(anonymous_2)
FNDA:1,(anonymous_3)
DA:4,1
DA:5,6
DA:7,6
DA:8,2
DA:9,1
DA:10,1
DA:12,1
DA:15,6
DA:20,1
DA:25,1
DA:32,1
LF:11
LH:11
BRDA:8,0,0,1
BRDA:8,0,1,1
BRF:2
BRH:2
end_of_record
TN:
SF:src\components\formInput\formInput.jsx
FN:5,(anonymous_0)
FN:7,(anonymous_1)
FNF:2
FNH:2
FNDA:3,(anonymous_0)
FNDA:1,(anonymous_1)
DA:5,1
DA:6,3
DA:7,3
DA:8,1
DA:11,3
DA:28,1
LF:6
LH:6
BRF:0
BRH:0
end_of_record
TN:
SF:src\components\rating\rating.jsx
FN:6,(anonymous_0)
FN:6,(anonymous_1)
FN:15,(anonymous_2)
FN:18,(anonymous_3)
FN:19,(anonymous_4)
FNF:5
FNH:4
FNDA:18,(anonymous_0)
FNDA:0,(anonymous_1)
FNDA:4,(anonymous_2)
FNDA:18,(anonymous_3)
FNDA:1,(anonymous_4)
DA:6,1
DA:7,18
DA:15,1
DA:16,4
DA:18,4
DA:19,18
DA:23,1
LF:7
LH:7
BRDA:6,0,0,0
BRDA:9,1,0,3
BRDA:9,1,1,15
BRDA:15,2,0,3
BRF:4
BRH:3
end_of_record
